Determining if the pthread_create exist failed with the following output:
Change Dir: /home/jmdepaco/indigo_workspace/sandbox/robot_pkt/build/CMakeFiles/CMakeTmp

Run Build Command:/usr/bin/make "cmTryCompileExec3135891075/fast"
make[1]: Entering directory `/home/jmdepaco/indigo_workspace/sandbox/robot_pkt/build/CMakeFiles/CMakeTmp'
/usr/bin/make -f CMakeFiles/cmTryCompileExec3135891075.dir/build.make CMakeFiles/cmTryCompileExec3135891075.dir/build
make[2]: Entering directory `/home/jmdepaco/indigo_workspace/sandbox/robot_pkt/build/CMakeFiles/CMakeTmp'
/usr/bin/cmake -E cmake_progress_report /home/jmdepaco/indigo_workspace/sandbox/robot_pkt/build/CMakeFiles/CMakeTmp/CMakeFiles 1
Building C object CMakeFiles/cmTryCompileExec3135891075.dir/CheckSymbolExists.c.o
/usr/bin/cc    -o CMakeFiles/cmTryCompileExec3135891075.dir/CheckSymbolExists.c.o   -c /home/jmdepaco/indigo_workspace/sandbox/robot_pkt/build/CMakeFiles/CMakeTmp/CheckSymbolExists.c
Linking C executable cmTryCompileExec3135891075
/usr/bin/cmake -E cmake_link_script CMakeFiles/cmTryCompileExec3135891075.dir/link.txt --verbose=1
/usr/bin/cc       CMakeFiles/cmTryCompileExec3135891075.dir/CheckSymbolExists.c.o  -o cmTryCompileExec3135891075 -rdynamic 
CMakeFiles/cmTryCompileExec3135891075.dir/CheckSymbolExists.c.o: In function `main':
CheckSymbolExists.c:(.text+0x16): undefined reference to `pthread_create'
collect2: error: ld returned 1 exit status
make[2]: *** [cmTryCompileExec3135891075] Error 1
make[2]: Leaving directory `/home/jmdepaco/indigo_workspace/sandbox/robot_pkt/build/CMakeFiles/CMakeTmp'
make[1]: Leaving directory `/home/jmdepaco/indigo_workspace/sandbox/robot_pkt/build/CMakeFiles/CMakeTmp'
make[1]: *** [cmTryCompileExec3135891075/fast] Error 2

File /home/jmdepaco/indigo_workspace/sandbox/robot_pkt/build/CMakeFiles/CMakeTmp/CheckSymbolExists.c:
/* */
#include <pthread.h>

int main(int argc, char** argv)
{
  (void)argv;
#ifndef pthread_create
  return ((int*)(&pthread_create))[argc];
#else
  (void)argc;
  return 0;
#endif
}

Determining if the function pthread_create exists in the pthreads failed with the following output:
Change Dir: /home/jmdepaco/indigo_workspace/sandbox/robot_pkt/build/CMakeFiles/CMakeTmp

Run Build Command:/usr/bin/make "cmTryCompileExec671926506/fast"
make[1]: Entering directory `/home/jmdepaco/indigo_workspace/sandbox/robot_pkt/build/CMakeFiles/CMakeTmp'
/usr/bin/make -f CMakeFiles/cmTryCompileExec671926506.dir/build.make CMakeFiles/cmTryCompileExec671926506.dir/build
make[2]: Entering directory `/home/jmdepaco/indigo_workspace/sandbox/robot_pkt/build/CMakeFiles/CMakeTmp'
/usr/bin/cmake -E cmake_progress_report /home/jmdepaco/indigo_workspace/sandbox/robot_pkt/build/CMakeFiles/CMakeTmp/CMakeFiles 1
Building C object CMakeFiles/cmTryCompileExec671926506.dir/CheckFunctionExists.c.o
/usr/bin/cc   -DCHECK_FUNCTION_EXISTS=pthread_create   -o CMakeFiles/cmTryCompileExec671926506.dir/CheckFunctionExists.c.o   -c /usr/share/cmake-2.8/Modules/CheckFunctionExists.c
Linking C executable cmTryCompileExec671926506
/usr/bin/cmake -E cmake_link_script CMakeFiles/cmTryCompileExec671926506.dir/link.txt --verbose=1
/usr/bin/cc   -DCHECK_FUNCTION_EXISTS=pthread_create    CMakeFiles/cmTryCompileExec671926506.dir/CheckFunctionExists.c.o  -o cmTryCompileExec671926506 -rdynamic -lpthreads 
/usr/bin/ld: cannot find -lpthreads
collect2: error: ld returned 1 exit status
make[2]: *** [cmTryCompileExec671926506] Error 1
make[2]: Leaving directory `/home/jmdepaco/indigo_workspace/sandbox/robot_pkt/build/CMakeFiles/CMakeTmp'
make[1]: *** [cmTryCompileExec671926506/fast] Error 2
make[1]: Leaving directory `/home/jmdepaco/indigo_workspace/sandbox/robot_pkt/build/CMakeFiles/CMakeTmp'


